\BOOKMARK [1][-]{section.1}{\376\377\000A\000r\000b\000e\000i\000t\000s\000u\000m\000g\000e\000b\000u\000n\000g\000:\000\040\000R\000E\000P\000L\000,\000\040\000H\000i\000l\000f\000e\000,\000\040\000P\000a\000k\000e\000t\000m\000a\000n\000a\000g\000e\000r}{}% 1
\BOOKMARK [1][-]{section.2}{\376\377\000G\000r\000u\000n\000d\000l\000a\000g\000e\000n\000:\000\040\000V\000a\000r\000i\000a\000b\000l\000e\000n\000,\000\040\000T\000y\000p\000e\000n\000,\000\040\000Z\000u\000w\000e\000i\000s\000u\000n\000g}{}% 2
\BOOKMARK [2][-]{subsection.2.1}{\376\377\000V\000a\000r\000i\000a\000b\000l\000e\000n\000\040\000u\000n\000d\000\040\000L\000i\000t\000e\000r\000a\000l\000e}{section.2}% 3
\BOOKMARK [2][-]{subsection.2.2}{\376\377\000T\000y\000p\000e\000n\000\040\000a\000n\000s\000e\000h\000e\000n\000\040\000u\000n\000d\000\040\000k\000o\000n\000v\000e\000r\000t\000i\000e\000r\000e\000n}{section.2}% 4
\BOOKMARK [2][-]{subsection.2.3}{\376\377\000W\000i\000c\000h\000t\000i\000g\000e\000\040\000`\000`\000S\000o\000n\000d\000e\000r\000w\000e\000r\000t\000e\000'\000'}{section.2}% 5
\BOOKMARK [2][-]{subsection.2.4}{\376\377\000K\000o\000n\000s\000t\000a\000n\000t\000e}{section.2}% 6
\BOOKMARK [1][-]{section.3}{\376\377\000O\000p\000e\000r\000a\000t\000o\000r\000e\000n\000\040\000u\000n\000d\000\040\000e\000l\000e\000m\000e\000n\000t\000a\000r\000e\000\040\000A\000u\000s\000d\000r\000\374\000c\000k\000e}{}% 7
\BOOKMARK [2][-]{subsection.3.1}{\376\377\000A\000r\000i\000t\000h\000m\000e\000t\000i\000k}{section.3}% 8
\BOOKMARK [2][-]{subsection.3.2}{\376\377\000V\000e\000r\000g\000l\000e\000i\000c\000h\000\040\000u\000n\000d\000\040\000L\000o\000g\000i\000k}{section.3}% 9
\BOOKMARK [2][-]{subsection.3.3}{\376\377\000B\000r\000o\000a\000d\000c\000a\000s\000t\000i\000n\000g\000\040\000\050\000P\000u\000n\000k\000t\000-\000O\000p\000e\000r\000a\000t\000o\000r\000e\000n\000\051\000\040\040\024\000\040\000e\000x\000t\000r\000e\000m\000\040\000w\000i\000c\000h\000t\000i\000g\000\040\000i\000n\000\040\000J\000u\000l\000i\000a}{section.3}% 10
\BOOKMARK [1][-]{section.4}{\376\377\000A\000n\000w\000e\000i\000s\000u\000n\000g\000e\000n\000:\000\040\000B\000e\000d\000i\000n\000g\000u\000n\000g\000e\000n}{}% 11
\BOOKMARK [1][-]{section.5}{\376\377\000S\000c\000h\000l\000e\000i\000f\000e\000n\000\040\000\050\000f\000o\000r\000/\000w\000h\000i\000l\000e\000\051\000,\000\040\000b\000r\000e\000a\000k\000/\000c\000o\000n\000t\000i\000n\000u\000e}{}% 12
\BOOKMARK [2][-]{subsection.5.1}{\376\377\000f\000o\000r\000-\000S\000c\000h\000l\000e\000i\000f\000e}{section.5}% 13
\BOOKMARK [2][-]{subsection.5.2}{\376\377\000w\000h\000i\000l\000e\000-\000S\000c\000h\000l\000e\000i\000f\000e}{section.5}% 14
\BOOKMARK [2][-]{subsection.5.3}{\376\377\000b\000r\000e\000a\000k\000/\000c\000o\000n\000t\000i\000n\000u\000e}{section.5}% 15
\BOOKMARK [2][-]{subsection.5.4}{\376\377\000T\000y\000p\000i\000s\000c\000h\000e\000\040\000I\000t\000e\000r\000a\000t\000o\000r\000e\000n}{section.5}% 16
\BOOKMARK [1][-]{section.6}{\376\377\000D\000a\000t\000e\000n\000s\000t\000r\000u\000k\000t\000u\000r\000e\000n\000:\000\040\000T\000u\000p\000l\000e\000,\000\040\000A\000r\000r\000a\000y\000s\000,\000\040\000D\000i\000c\000t\000,\000\040\000S\000e\000t}{}% 17
\BOOKMARK [2][-]{subsection.6.1}{\376\377\000T\000u\000p\000l\000e\000\040\000u\000n\000d\000\040\000N\000a\000m\000e\000d\000T\000u\000p\000l\000e}{section.6}% 18
\BOOKMARK [2][-]{subsection.6.2}{\376\377\000A\000r\000r\000a\000y\000s\000\040\000\050\000V\000e\000k\000t\000o\000r\000e\000n\000/\000M\000a\000t\000r\000i\000z\000e\000n\000\051\000\040\000u\000n\000d\000\040\000I\000n\000d\000e\000x\000i\000n\000g\000\040\000\050\0001\000-\000b\000a\000s\000i\000e\000r\000t\000!\000\051}{section.6}% 19
\BOOKMARK [2][-]{subsection.6.3}{\376\377\000V\000i\000e\000w\000s\000\040\000\050\000s\000c\000h\000n\000e\000l\000l\000e\000r\000,\000\040\000o\000h\000n\000e\000\040\000K\000o\000p\000i\000e\000\051}{section.6}% 20
\BOOKMARK [2][-]{subsection.6.4}{\376\377\000C\000o\000m\000p\000r\000e\000h\000e\000n\000s\000i\000o\000n\000s\000\040\000\050\000k\000u\000r\000z\000\040\000u\000n\000d\000\040\000m\000\344\000c\000h\000t\000i\000g\000\051}{section.6}% 21
\BOOKMARK [2][-]{subsection.6.5}{\376\377\000D\000i\000c\000t\000\040\000u\000n\000d\000\040\000S\000e\000t}{section.6}% 22
\BOOKMARK [1][-]{section.7}{\376\377\000F\000u\000n\000k\000t\000i\000o\000n\000e\000n\000/\000P\000r\000o\000z\000e\000d\000u\000r\000e\000n\000:\000\040\000D\000e\000f\000i\000n\000i\000t\000i\000o\000n\000,\000\040\000R\000\374\000c\000k\000g\000a\000b\000e\000,\000\040\000M\000u\000t\000a\000t\000i\000n\000g\000-\000K\000o\000n\000v\000e\000n\000t\000i\000o\000n}{}% 23
\BOOKMARK [2][-]{subsection.7.1}{\376\377\000G\000r\000u\000n\000d\000f\000o\000r\000m}{section.7}% 24
\BOOKMARK [2][-]{subsection.7.2}{\376\377\000K\000u\000r\000z\000f\000o\000r\000m}{section.7}% 25
\BOOKMARK [2][-]{subsection.7.3}{\376\377\000M\000e\000h\000r\000e\000r\000e\000\040\000R\000\374\000c\000k\000g\000a\000b\000e\000w\000e\000r\000t\000e\000\040\000\050\000T\000u\000p\000l\000e\000\051}{section.7}% 26
\BOOKMARK [2][-]{subsection.7.4}{\376\377\000D\000e\000f\000a\000u\000l\000t\000-\000\040\000u\000n\000d\000\040\000K\000e\000y\000w\000o\000r\000d\000-\000A\000r\000g\000u\000m\000e\000n\000t\000e}{section.7}% 27
\BOOKMARK [2][-]{subsection.7.5}{\376\377\000A\000n\000o\000n\000y\000m\000e\000\040\000F\000u\000n\000k\000t\000i\000o\000n\000e\000n\000\040\000u\000n\000d\000\040\000d\000o\000-\000B\000l\000o\000c\000k}{section.7}% 28
\BOOKMARK [2][-]{subsection.7.6}{\376\377\000M\000u\000t\000a\000t\000i\000n\000g\000-\000F\000u\000n\000k\000t\000i\000o\000n\000e\000n\000:\000\040\000K\000o\000n\000v\000e\000n\000t\000i\000o\000n\000\040\000!}{section.7}% 29
\BOOKMARK [1][-]{section.8}{\376\377\000E\000i\000n\000-\000/\000A\000u\000s\000g\000a\000b\000e\000\040\000\050\000I\000/\000O\000\051\000:\000\040\000K\000o\000n\000s\000o\000l\000e\000\040\000u\000n\000d\000\040\000D\000a\000t\000e\000i\000e\000n}{}% 30
\BOOKMARK [2][-]{subsection.8.1}{\376\377\000K\000o\000n\000s\000o\000l\000e}{section.8}% 31
\BOOKMARK [2][-]{subsection.8.2}{\376\377\000D\000a\000t\000e\000i\000e\000n\000\040\000l\000e\000s\000e\000n\000/\000s\000c\000h\000r\000e\000i\000b\000e\000n}{section.8}% 32
\BOOKMARK [1][-]{section.9}{\376\377\000M\000o\000d\000u\000l\000e\000:\000\040\000C\000o\000d\000e\000\040\000s\000t\000r\000u\000k\000t\000u\000r\000i\000e\000r\000e\000n\000,\000\040\000i\000m\000p\000o\000r\000t\000/\000u\000s\000i\000n\000g}{}% 33
\BOOKMARK [2][-]{subsection.9.1}{\376\377\000E\000i\000g\000e\000n\000e\000s\000\040\000M\000o\000d\000u\000l}{section.9}% 34
\BOOKMARK [1][-]{section.10}{\376\377\000F\000o\000r\000t\000g\000e\000s\000c\000h\000r\000i\000t\000t\000e\000n\000:\000\040\000O\000v\000e\000r\000l\000o\000a\000d\000i\000n\000g\000\040\000+\000\040\000\050\000M\000u\000l\000t\000i\000p\000l\000e\000\051\000\040\000D\000i\000s\000p\000a\000t\000c\000h\000\040\000\050\000J\000u\000l\000i\000a\000-\000K\000e\000r\000n\000i\000d\000e\000e\000\051}{}% 35
\BOOKMARK [2][-]{subsection.10.1}{\376\377\000F\000u\000n\000c\000t\000i\000o\000n\000\040\000O\000v\000e\000r\000l\000o\000a\000d\000i\000n\000g\000\040\000\050\000m\000e\000h\000r\000e\000r\000e\000\040\000M\000e\000t\000h\000o\000d\000e\000n\000\051}{section.10}% 36
\BOOKMARK [2][-]{subsection.10.2}{\376\377\000E\000i\000g\000e\000n\000e\000\040\000T\000y\000p\000e\000n\000:\000\040\000s\000t\000r\000u\000c\000t\000\040\000u\000n\000d\000\040\000M\000e\000t\000h\000o\000d\000e\000n\000\040\000\050\000`\000`\000O\000O\000P\000-\000\344\000h\000n\000l\000i\000c\000h\000'\000'\000\051}{section.10}% 37
\BOOKMARK [2][-]{subsection.10.3}{\376\377\000P\000a\000r\000a\000m\000e\000t\000r\000i\000s\000c\000h\000e\000\040\000T\000y\000p\000e\000n}{section.10}% 38
\BOOKMARK [2][-]{subsection.10.4}{\376\377\000M\000u\000l\000t\000i\000p\000l\000e\000\040\000D\000i\000s\000p\000a\000t\000c\000h\000\040\000m\000i\000t\000\040\000m\000e\000h\000r\000e\000r\000e\000n\000\040\000A\000r\000g\000u\000m\000e\000n\000t\000e\000n}{section.10}% 39
\BOOKMARK [2][-]{subsection.10.5}{\376\377\000O\000p\000e\000r\000a\000t\000o\000r\000e\000n\000\040\000e\000r\000w\000e\000i\000t\000e\000r\000n\000\040\000\050\000O\000v\000e\000r\000l\000o\000a\000d\000i\000n\000g\000\040\000v\000o\000n\000\040\000+\000\040\000e\000t\000c\000.\000\051}{section.10}% 40
\BOOKMARK [2][-]{subsection.10.6}{\376\377\000D\000i\000s\000p\000a\000t\000c\000h\000\040\000h\000e\000r\000a\000u\000s\000f\000i\000n\000d\000e\000n}{section.10}% 41
\BOOKMARK [1][-]{section.11}{\376\377\000L\000i\000n\000e\000a\000r\000e\000\040\000A\000l\000g\000e\000b\000r\000a\000\040\000\046\000\040\000N\000u\000m\000e\000r\000i\000k\000-\000B\000a\000s\000i\000c\000s\000\040\000\050\000t\000y\000p\000i\000s\000c\000h\000\040\000i\000n\000\040\000N\000u\000m\000e\000r\000i\000k\000/\000S\000t\000o\000c\000h\000a\000s\000t\000i\000k\000\051}{}% 42
\BOOKMARK [2][-]{subsection.11.1}{\376\377\000L\000i\000n\000e\000a\000r\000A\000l\000g\000e\000b\000r\000a\000:\000\040\000d\000o\000t\000,\000\040\000n\000o\000r\000m\000,\000\040\000L\000G\000S}{section.11}% 43
\BOOKMARK [2][-]{subsection.11.2}{\376\377\000E\000i\000n\000f\000a\000c\000h\000e\000\040\000N\000u\000m\000e\000r\000i\000k\000-\000A\000u\000f\000g\000a\000b\000e\000:\000\040\000T\000r\000a\000p\000e\000z\000r\000e\000g\000e\000l}{section.11}% 44
\BOOKMARK [2][-]{subsection.11.3}{\376\377\000R\000a\000n\000d\000o\000m\000/\000S\000t\000a\000t\000i\000s\000t\000i\000c\000s\000:\000\040\000S\000i\000m\000u\000l\000a\000t\000i\000o\000n\000\040\000u\000n\000d\000\040\000K\000e\000n\000n\000g\000r\000\366\000\337\000e\000n}{section.11}% 45
\BOOKMARK [1][-]{section.12}{\376\377\000V\000i\000s\000u\000a\000l\000i\000s\000i\000e\000r\000u\000n\000g\000:\000\040\000P\000l\000o\000t\000s\000\040\000e\000r\000z\000e\000u\000g\000e\000n\000\040\000\050\0002\000D\000/\0003\000D\000\051}{}% 46
\BOOKMARK [2][-]{subsection.12.1}{\376\377\0002\000D\000-\000F\000u\000n\000k\000t\000i\000o\000n\000s\000p\000l\000o\000t}{section.12}% 47
\BOOKMARK [2][-]{subsection.12.2}{\376\377\000S\000c\000a\000t\000t\000e\000r\000,\000\040\000H\000i\000s\000t\000o\000g\000r\000a\000m\000,\000\040\000m\000e\000h\000r\000e\000r\000e\000\040\000K\000u\000r\000v\000e\000n}{section.12}% 48
\BOOKMARK [2][-]{subsection.12.3}{\376\377\000H\000e\000a\000t\000m\000a\000p\000/\000C\000o\000n\000t\000o\000u\000r}{section.12}% 49
\BOOKMARK [2][-]{subsection.12.4}{\376\377\0003\000D\000\040\000S\000u\000r\000f\000a\000c\000e}{section.12}% 50
\BOOKMARK [2][-]{subsection.12.5}{\376\377\000S\000p\000e\000i\000c\000h\000e\000r\000n}{section.12}% 51
\BOOKMARK [1][-]{section.13}{\376\377\000T\000y\000p\000i\000s\000c\000h\000e\000\040\000\334\000b\000u\000n\000g\000s\000a\000u\000f\000g\000a\000b\000e\000n\000:\000\040\000M\000u\000s\000t\000e\000r\000l\000\366\000s\000u\000n\000g\000e\000n}{}% 52
\BOOKMARK [2][-]{subsection.13.1}{\376\377\0001\000\051\000\040\000`\000`\000L\000i\000e\000s\000\040\000Z\000a\000h\000l\000e\000n\000\040\000e\000i\000n\000,\000\040\000b\000e\000r\000e\000c\000h\000n\000e\000\040\000M\000i\000t\000t\000e\000l\000w\000e\000r\000t\000,\000\040\000p\000l\000o\000t\000t\000e\000'\000'}{section.13}% 53
\BOOKMARK [2][-]{subsection.13.2}{\376\377\0002\000\051\000\040\000K\000l\000e\000i\000n\000e\000\040\000S\000i\000m\000u\000l\000a\000t\000i\000o\000n\000\040\000\050\000B\000e\000r\000n\000o\000u\000l\000l\000i\000/\000M\000o\000n\000t\000e\000-\000C\000a\000r\000l\000o\000\051}{section.13}% 54
\BOOKMARK [1][-]{section.14}{\376\377\000F\000e\000h\000l\000e\000r\000q\000u\000e\000l\000l\000e\000n\000\040\000\046\000\040\000B\000e\000s\000t\000\040\000P\000r\000a\000c\000t\000i\000c\000e\000s\000\040\000\050\000p\000r\000\374\000f\000u\000n\000g\000s\000r\000e\000l\000e\000v\000a\000n\000t\000,\000\040\000w\000e\000i\000l\000\040\000e\000s\000\040\000v\000i\000e\000l\000e\000\040\000B\000u\000g\000s\000\040\000v\000e\000r\000h\000i\000n\000d\000e\000r\000t\000\051}{}% 55
\BOOKMARK [2][-]{subsection.14.1}{\376\377\0001\000\051\000\040\000G\000l\000o\000b\000a\000l\000s\000\040\000v\000e\000r\000m\000e\000i\000d\000e\000n\000\040\000\050\000P\000e\000r\000f\000o\000r\000m\000a\000n\000c\000e\000/\000V\000e\000r\000h\000a\000l\000t\000e\000n\000\051}{section.14}% 56
\BOOKMARK [2][-]{subsection.14.2}{\376\377\0002\000\051\000\040\000m\000i\000s\000s\000i\000n\000g\000\040\000v\000s\000\040\000n\000o\000t\000h\000i\000n\000g}{section.14}% 57
\BOOKMARK [2][-]{subsection.14.3}{\376\377\0003\000\051\000\040\000D\000e\000b\000u\000g\000/\000I\000n\000s\000p\000e\000c\000t\000i\000o\000n\000\040\000T\000o\000o\000l\000s}{section.14}% 58
\BOOKMARK [1][-]{section.15}{\376\377\000M\000i\000n\000i\000-\000C\000h\000e\000a\000t\000-\000S\000h\000e\000e\000t\000\040\000\050\000z\000u\000m\000\040\000s\000c\000h\000n\000e\000l\000l\000e\000n\000\040\000N\000a\000c\000h\000s\000c\000h\000l\000a\000g\000e\000n\000\051}{}% 59
